#
# There is insufficient memory for the Java Runtime Environment to continue.
# Native memory allocation (mmap) failed to map 100663296 bytes. Error detail: G1 virtual space
# Possible reasons:
#   The system is out of physical RAM or swap space
#   This process is running with CompressedOops enabled, and the Java Heap may be blocking the growth of the native heap
# Possible solutions:
#   Reduce memory load on the system
#   Increase physical memory or swap space
#   Check if swap backing store is full
#   Decrease Java heap size (-Xmx/-Xms)
#   Decrease number of Java threads
#   Decrease Java thread stack sizes (-Xss)
#   Set larger code cache with -XX:ReservedCodeCacheSize=
#   JVM is running with Unscaled Compressed Oops mode in which the Java heap is
#     placed in the first 4GB address space. The Java Heap base address is the
#     maximum limit for the native heap growth. Please use -XX:HeapBaseMinAddress
#     to set the Java Heap base and to place the Java Heap above 4GB virtual address.
# This output file may be truncated or incomplete.
#
#  Out of Memory Error (os_windows.cpp:3613), pid=6408, tid=12036
#
# JRE version:  (17.0.11+9) (build )
# Java VM: OpenJDK 64-Bit Server VM (17.0.11+9-LTS, mixed mode, sharing, tiered, compressed oops, compressed class ptrs, g1 gc, windows-amd64)
# No core dump will be written. Minidumps are not enabled by default on client versions of Windows
#

---------------  S U M M A R Y ------------

Command Line: -Dmaven.multiModuleProjectDirectory=C:\Users\rubyn\IdeaProjects\CrimePackRp -Djansi.passthrough=true -Dmaven.home=C:\Program Files\JetBrains\IntelliJ IDEA Community Edition 2024.1.1\plugins\maven\lib\maven3 -Dclassworlds.conf=C:\Program Files\JetBrains\IntelliJ IDEA Community Edition 2024.1.1\plugins\maven\lib\maven3\bin\m2.conf -Dmaven.ext.class.path=C:\Program Files\JetBrains\IntelliJ IDEA Community Edition 2024.1.1\plugins\maven\lib\maven-event-listener.jar -javaagent:C:\Program Files\JetBrains\IntelliJ IDEA Community Edition 2024.1.1\lib\idea_rt.jar=52506:C:\Program Files\JetBrains\IntelliJ IDEA Community Edition 2024.1.1\bin -Dfile.encoding=UTF-8 org.codehaus.classworlds.Launcher -Didea.version=2024.1.1 clean

Host: AMD Ryzen 5 3500U with Radeon Vega Mobile Gfx  , 8 cores, 5G,  Windows 10 , 64 bit Build 19041 (10.0.19041.3636)
Time: Tue Jun 11 23:36:37 2024 ora legale Europa occidentale elapsed time: 0.105023 seconds (0d 0h 0m 0s)

---------------  T H R E A D  ---------------

Current thread (0x0000028dfc8ff650):  JavaThread "Unknown thread" [_thread_in_vm, id=12036, stack(0x0000009f57800000,0x0000009f57900000)]

Stack: [0x0000009f57800000,0x0000009f57900000]
Native frames: (J=compiled Java code, j=interpreted, Vv=VM code, C=native code)
V  [jvm.dll+0x67d009]
V  [jvm.dll+0x83489a]
V  [jvm.dll+0x83635e]
V  [jvm.dll+0x8369c3]
V  [jvm.dll+0x2479df]
V  [jvm.dll+0x679e49]
V  [jvm.dll+0x66e8ba]
V  [jvm.dll+0x30755b]
V  [jvm.dll+0x30ea06]
V  [jvm.dll+0x35e40e]
V  [jvm.dll+0x35e63f]
V  [jvm.dll+0x2de298]
V  [jvm.dll+0x2df204]
V  [jvm.dll+0x806221]
V  [jvm.dll+0x36c161]
V  [jvm.dll+0x7e4c56]
V  [jvm.dll+0x3ef9cf]
V  [jvm.dll+0x3f1521]
C  [jli.dll+0x528f]
C  [ucrtbase.dll+0x21bb2]
C  [KERNEL32.DLL+0x17344]
C  [ntdll.dll+0x526b1]


---------------  P R O C E S S  ---------------

Threads class SMR info:
_java_thread_list=0x00007ffa4f90eed8, length=0, elements={
}

Java Threads: ( => current thread )

Other Threads:
  0x0000028dfc949fa0 GCTaskThread "GC Thread#0" [stack: 0x0000009f57900000,0x0000009f57a00000] [id=1036]
  0x0000028dfc957c50 ConcurrentGCThread "G1 Main Marker" [stack: 0x0000009f57a00000,0x0000009f57b00000] [id=8460]
  0x0000028dfc958580 ConcurrentGCThread "G1 Conc#0" [stack: 0x0000009f57b00000,0x0000009f57c00000] [id=12488]

[error occurred during error reporting (printing all threads), id 0xc0000005, EXCEPTION_ACCESS_VIOLATION (0xc0000005) at pc=0x00007ffa4f0cecd7]

VM state: not at safepoint (not fully initialized)

VM Mutex/Monitor currently owned by a thread:  ([mutex/lock_event])
[0x0000028dfc8f9900] Heap_lock - owner thread: 0x0000028dfc8ff650

Heap address: 0x00000000a0e00000, size: 1522 MB, Compressed Oops mode: 32-bit

CDS archive(s) mapped at: [0x0000000000000000-0x0000000000000000-0x0000000000000000), size 0, SharedBaseAddress: 0x0000000800000000, ArchiveRelocationMode: 1.
Narrow klass base: 0x0000000000000000, Narrow klass shift: 0, Narrow klass range: 0x0

GC Precious Log:
<Empty>

Heap:
 garbage-first heap   total 0K, used 0K [0x00000000a0e00000, 0x0000000100000000)
  region size 1024K, 0 young (0K), 0 survivors (0K)

[error occurred during error reporting (printing heap information), id 0xc0000005, EXCEPTION_ACCESS_VIOLATION (0xc0000005) at pc=0x00007ffa4f4b6d29]

GC Heap History (0 events):
No events

Dll operation events (1 events):
Event: 0.038 Loaded shared library C:\Users\rubyn\.jdks\corretto-17.0.11\bin\java.dll

Deoptimization events (0 events):
No events

Classes unloaded (0 events):
No events

Classes redefined (0 events):
No events

Internal exceptions (0 events):
No events

VM Operations (0 events):
No events

Events (0 events):
No events


Dynamic libraries:
0x00007ff6272c0000 - 0x00007ff6272ce000 	C:\Users\rubyn\.jdks\corretto-17.0.11\bin\java.exe
0x00007ffaa2f30000 - 0x00007ffaa3128000 	C:\WINDOWS\SYSTEM32\ntdll.dll
0x00007ffaa2870000 - 0x00007ffaa292d000 	C:\WINDOWS\System32\KERNEL32.DLL
0x00007ffaa0bd0000 - 0x00007ffaa0ec6000 	C:\WINDOWS\System32\KERNELBASE.dll
0x00007ffaa0810000 - 0x00007ffaa0910000 	C:\WINDOWS\System32\ucrtbase.dll
0x00007ffa8e680000 - 0x00007ffa8e697000 	C:\Users\rubyn\.jdks\corretto-17.0.11\bin\jli.dll
0x00007ffaa2d50000 - 0x00007ffaa2eef000 	C:\WINDOWS\System32\USER32.dll
0x00007ffa84650000 - 0x00007ffa8466b000 	C:\Users\rubyn\.jdks\corretto-17.0.11\bin\VCRUNTIME140.dll
0x00007ffaa05e0000 - 0x00007ffaa0602000 	C:\WINDOWS\System32\win32u.dll
0x00007ffa86ca0000 - 0x00007ffa86f3a000 	C:\WINDOWS\WinSxS\amd64_microsoft.windows.common-controls_6595b64144ccf1df_6.0.19041.4355_none_60b8b9eb71f62e16\COMCTL32.dll
0x00007ffaa2250000 - 0x00007ffaa227b000 	C:\WINDOWS\System32\GDI32.dll
0x00007ffaa1f20000 - 0x00007ffaa1fbe000 	C:\WINDOWS\System32\msvcrt.dll
0x00007ffaa06c0000 - 0x00007ffaa07d7000 	C:\WINDOWS\System32\gdi32full.dll
0x00007ffaa0b30000 - 0x00007ffaa0bcd000 	C:\WINDOWS\System32\msvcp_win.dll
0x00007ffaa1040000 - 0x00007ffaa1072000 	C:\WINDOWS\System32\IMM32.DLL
0x00007ffa9b9d0000 - 0x00007ffa9b9dc000 	C:\Users\rubyn\.jdks\corretto-17.0.11\bin\vcruntime140_1.dll
0x00007ffa72340000 - 0x00007ffa723cd000 	C:\Users\rubyn\.jdks\corretto-17.0.11\bin\msvcp140.dll
0x00007ffa4ede0000 - 0x00007ffa4fa42000 	C:\Users\rubyn\.jdks\corretto-17.0.11\bin\server\jvm.dll
0x00007ffaa1df0000 - 0x00007ffaa1ea0000 	C:\WINDOWS\System32\ADVAPI32.dll
0x00007ffaa2770000 - 0x00007ffaa2810000 	C:\WINDOWS\System32\sechost.dll
0x00007ffaa2640000 - 0x00007ffaa2763000 	C:\WINDOWS\System32\RPCRT4.dll
0x00007ffaa07e0000 - 0x00007ffaa0807000 	C:\WINDOWS\System32\bcrypt.dll
0x00007ffaa0430000 - 0x00007ffaa047b000 	C:\WINDOWS\SYSTEM32\POWRPROF.dll
0x00007ffa98160000 - 0x00007ffa98187000 	C:\WINDOWS\SYSTEM32\WINMM.dll
0x00007ffa9a680000 - 0x00007ffa9a68a000 	C:\WINDOWS\SYSTEM32\VERSION.dll
0x00007ffa8e630000 - 0x00007ffa8e639000 	C:\WINDOWS\SYSTEM32\WSOCK32.dll
0x00007ffaa21c0000 - 0x00007ffaa222b000 	C:\WINDOWS\System32\WS2_32.dll
0x00007ffaa0410000 - 0x00007ffaa0422000 	C:\WINDOWS\SYSTEM32\UMPDC.dll
0x00007ffa9e380000 - 0x00007ffa9e392000 	C:\WINDOWS\SYSTEM32\kernel.appcore.dll
0x00007ffa8e660000 - 0x00007ffa8e66a000 	C:\Users\rubyn\.jdks\corretto-17.0.11\bin\jimage.dll
0x00007ffa9a070000 - 0x00007ffa9a254000 	C:\WINDOWS\SYSTEM32\DBGHELP.DLL
0x00007ffa92360000 - 0x00007ffa92394000 	C:\WINDOWS\SYSTEM32\dbgcore.DLL
0x00007ffaa0ed0000 - 0x00007ffaa0f52000 	C:\WINDOWS\System32\bcryptPrimitives.dll
0x00007ffa80ed0000 - 0x00007ffa80ede000 	C:\Users\rubyn\.jdks\corretto-17.0.11\bin\instrument.dll
0x00007ffa7fe40000 - 0x00007ffa7fe65000 	C:\Users\rubyn\.jdks\corretto-17.0.11\bin\java.dll

dbghelp: loaded successfully - version: 4.0.5 - missing functions: none
symbol engine: initialized successfully - sym options: 0x614 - pdb path: .;C:\Users\rubyn\.jdks\corretto-17.0.11\bin;C:\WINDOWS\SYSTEM32;C:\WINDOWS\WinSxS\amd64_microsoft.windows.common-controls_6595b64144ccf1df_6.0.19041.4355_none_60b8b9eb71f62e16;C:\Users\rubyn\.jdks\corretto-17.0.11\bin\server

VM Arguments:
jvm_args: -Dmaven.multiModuleProjectDirectory=C:\Users\rubyn\IdeaProjects\CrimePackRp -Djansi.passthrough=true -Dmaven.home=C:\Program Files\JetBrains\IntelliJ IDEA Community Edition 2024.1.1\plugins\maven\lib\maven3 -Dclassworlds.conf=C:\Program Files\JetBrains\IntelliJ IDEA Community Edition 2024.1.1\plugins\maven\lib\maven3\bin\m2.conf -Dmaven.ext.class.path=C:\Program Files\JetBrains\IntelliJ IDEA Community Edition 2024.1.1\plugins\maven\lib\maven-event-listener.jar -javaagent:C:\Program Files\JetBrains\IntelliJ IDEA Community Edition 2024.1.1\lib\idea_rt.jar=52506:C:\Program Files\JetBrains\IntelliJ IDEA Community Edition 2024.1.1\bin -Dfile.encoding=UTF-8 
java_command: org.codehaus.classworlds.Launcher -Didea.version=2024.1.1 clean
java_class_path (initial): C:\Program Files\JetBrains\IntelliJ IDEA Community Edition 2024.1.1\plugins\maven\lib\maven3\boot\plexus-classworlds-2.7.0.jar;C:\Program Files\JetBrains\IntelliJ IDEA Community Edition 2024.1.1\plugins\maven\lib\maven3\boot\plexus-classworlds.license
Launcher Type: SUN_STANDARD

[Global flags]
     intx CICompilerCount                          = 4                                         {product} {ergonomic}
     uint ConcGCThreads                            = 2                                         {product} {ergonomic}
     uint G1ConcRefinementThreads                  = 8                                         {product} {ergonomic}
   size_t G1HeapRegionSize                         = 1048576                                   {product} {ergonomic}
    uintx GCDrainStackTargetSize                   = 64                                        {product} {ergonomic}
   size_t InitialHeapSize                          = 100663296                                 {product} {ergonomic}
   size_t MarkStackSize                            = 4194304                                   {product} {ergonomic}
   size_t MaxHeapSize                              = 1595932672                                {product} {ergonomic}
   size_t MinHeapDeltaBytes                        = 1048576                                   {product} {ergonomic}
   size_t MinHeapSize                              = 8388608                                   {product} {ergonomic}
    uintx NonNMethodCodeHeapSize                   = 5839372                                {pd product} {ergonomic}
    uintx NonProfiledCodeHeapSize                  = 122909434                              {pd product} {ergonomic}
    uintx ProfiledCodeHeapSize                     = 122909434                              {pd product} {ergonomic}
    uintx ReservedCodeCacheSize                    = 251658240                              {pd product} {ergonomic}
     bool SegmentedCodeCache                       = true                                      {product} {ergonomic}
   size_t SoftMaxHeapSize                          = 1595932672                             {manageable} {ergonomic}
     bool UseCompressedClassPointers               = true                           {product lp64_product} {ergonomic}
     bool UseCompressedOops                        = true                           {product lp64_product} {ergonomic}
     bool UseG1GC                                  = true                                      {product} {ergonomic}
     bool UseLargePagesIndividualAllocation        = false                                  {pd product} {ergonomic}

Logging:
Log output configuration:
 #0: stdout all=warning uptime,level,tags
 #1: stderr all=off uptime,level,tags

Environment Variables:
JAVA_HOME=C:\Program Files\Eclipse Adoptium\jre-21.0.3.9-hotspot\
PATH=C:\Program Files\Common Files\Oracle\Java\javapath;C:\Program Files (x86)\Common Files\Oracle\Java\java8path;C:\Program Files (x86)\Common Files\Oracle\Java\javapath;C:\Program Files\Eclipse Adoptium\jre-21.0.3.9-hotspot\bin;C:\WINDOWS\system32;C:\WINDOWS;C:\WINDOWS\System32\Wbem;C:\WINDOWS\System32\WindowsPowerShell\v1.0\;C:\WINDOWS\System32\OpenSSH\;C:\Ruby33-x64\bin;C:\Users\rubyn\AppData\Local\Microsoft\WindowsApps
USERNAME=rubyn
OS=Windows_NT
PROCESSOR_IDENTIFIER=AMD64 Family 23 Model 24 Stepping 1, AuthenticAMD
TMP=C:\Users\rubyn\AppData\Local\Temp
TEMP=C:\Users\rubyn\AppData\Local\Temp



Periodic native trim disabled


---------------  S Y S T E M  ---------------

OS:
 Windows 10 , 64 bit Build 19041 (10.0.19041.3636)
OS uptime: 0 days 3:40 hours

CPU: total 8 (initial active 8) (8 cores per cpu, 2 threads per core) family 23 model 24 stepping 1 microcode 0x0, cx8, cmov, fxsr, ht, mmx, 3dnowpref, sse, sse2, sse3, ssse3, sse4a, sse4.1, sse4.2, popcnt, lzcnt, tsc, tscinvbit, avx, avx2, aes, clmul, bmi1, bmi2, adx, sha, fma, vzeroupper, clflush, clflushopt
Processor Information for all 8 processors :
  Max Mhz: 2100, Current Mhz: 2100, Mhz Limit: 2100

Memory: 4k page, system-wide physical 6081M (188M free)
TotalPageFile size 24513M (AvailPageFile size 145M)
current process WorkingSet (physical memory assigned to process): 10M, peak: 10M
current process commit charge ("private bytes"): 60M, peak: 156M

vm_info: OpenJDK 64-Bit Server VM (17.0.11+9-LTS) for windows-amd64 JRE (17.0.11+9-LTS), built on Apr 10 2024 22:12:24 by "Administrator" with MS VC++ 16.10 / 16.11 (VS2019)

END.
